<?xml version="1.0" encoding="UTF-8"?>
<!-- Generated by org.testng.reporters.JUnitXMLReporter -->
<testsuite ignored="5" hostname="Preetijaiswal-IT" failures="0" tests="2" name="DemoTest" time="0.042" errors="0" timestamp="2021-12-31T14:22:48 IST">
  <testcase classname="test" name="Demo" time="0.009"/>
  <testcase classname="test3" name="HappyLoan" time="0.001"/>
  <testcase classname="test3" name="FundfinaLoan" time="0.0">
    <ignored/>
  </testcase> <!-- FundfinaLoan -->
  <testcase classname="test" name="Demo2" time="0.0">
    <ignored/>
  </testcase> <!-- Demo2 -->
  <testcase classname="test2" name="MobileLogin" time="0.0">
    <ignored/>
  </testcase> <!-- MobileLogin -->
  <testcase classname="test2" name="AppLogin" time="0.0">
    <ignored/>
  </testcase> <!-- AppLogin -->
  <testcase classname="test2" name="WebLogin" time="0.0">
    <ignored/>
  </testcase> <!-- WebLogin -->
</testsuite> <!-- DemoTest -->
