<?xml version="1.0" encoding="UTF-8"?>
<!-- Generated by org.testng.reporters.JUnitXMLReporter -->
<testsuite ignored="1" hostname="Preetijaiswal-IT" failures="0" tests="2" name="Login Test" time="0.007" errors="0" timestamp="2021-12-30T17:03:42 IST">
  <testcase classname="test2" name="AppLogin" time="0.0"/>
  <testcase classname="test2" name="WebLogin" time="0.001"/>
  <testcase classname="test2" name="MobileLogin" time="0.0">
    <ignored/>
  </testcase> <!-- MobileLogin -->
</testsuite> <!-- Login Test -->
