<?xml version="1.0" encoding="UTF-8"?>
<!-- Generated by org.testng.reporters.JUnitXMLReporter -->
<testsuite ignored="0" hostname="Preetijaiswal-IT" failures="0" tests="5" name="Personal" time="0.067" errors="0" timestamp="2021-12-31T22:15:29 IST">
  <testcase classname="test" name="Demo2" time="0.007"/>
  <testcase classname="test" name="Demo" time="0.001"/>
  <testcase classname="test3" name="FundfinaLoan" time="0.006"/>
  <testcase classname="test3" name="HappyLoan" time="0.001"/>
  <testcase classname="test" name="Aemo3" time="0.001"/>
</testsuite> <!-- Personal -->
