<?xml version="1.0" encoding="UTF-8"?>
<!-- Generated by org.testng.reporters.JUnitXMLReporter -->
<testsuite ignored="0" hostname="Preetijaiswal-IT" failures="0" tests="5" name="Secondary" time="0.063" errors="0" timestamp="2021-12-31T22:15:29 IST">
  <testcase classname="test2" name="AppLogin" time="0.007"/>
  <testcase classname="test2" name="AppLogin" time="0.002"/>
  <testcase classname="test2" name="AppLogin" time="0.003"/>
  <testcase classname="test2" name="MobileLogin" time="0.001"/>
  <testcase classname="test2" name="WebLogin" time="0.001"/>
</testsuite> <!-- Secondary -->
